<?xml version="1.0" encoding="UTF-8"?>
<testng-results ignored="0" total="1" passed="1" failed="0" skipped="0">
  <reporter-output>
  </reporter-output>
  <suite started-at="2025-06-17T19:20:47 EDT" name="Default suite" finished-at="2025-06-17T19:20:53 EDT" duration-ms="6727">
    <groups>
    </groups>
    <test started-at="2025-06-17T19:20:47 EDT" name="Default test" finished-at="2025-06-17T19:20:53 EDT" duration-ms="6727">
      <class name="adults.adults_First_slot">
        <test-method signature="adults_one()[pri:0, instance:adults.adults_First_slot@3d285d7e]" started-at="2025-06-17T19:20:47 EDT" name="adults_one" finished-at="2025-06-17T19:20:53 EDT" duration-ms="6628" status="PASS">
          <reporter-output>
          </reporter-output>
        </test-method> <!-- adults_one -->
      </class> <!-- adults.adults_First_slot -->
    </test> <!-- Default test -->
  </suite> <!-- Default suite -->
</testng-results>
